<?xml version="1.0" encoding="UTF-8"?>
<!-- Generated by org.testng.reporters.JUnitReportReporter -->
<testsuite skipped="0" hostname="LAPTOP-GJM2UU0F" name="com.testng.Groping_Concept" tests="6" failures="0" timestamp="2022-06-04T04:17:58 IST" time="0.020" errors="0">
  <testcase name="pizza" time="0.001" classname="com.testng.Groping_Concept"/>
  <system-out/>
  <testcase name="pepsi" time="0.001" classname="com.testng.Groping_Concept"/>
  <system-out/>
  <testcase name="burger" time="0.015" classname="com.testng.Groping_Concept"/>
  <system-out/>
  <testcase name="laptop" time="0.001" classname="com.testng.Groping_Concept"/>
  <system-out/>
  <testcase name="coke" time="0.001" classname="com.testng.Groping_Concept"/>
  <system-out/>
  <testcase name="mobiles" time="0.001" classname="com.testng.Groping_Concept"/>
  <system-out/>
</testsuite> <!-- com.testng.Groping_Concept -->
