<?xml version="1.0" encoding="UTF-8"?>
<!-- Generated by org.testng.reporters.JUnitReportReporter -->
<testsuite skipped="0" hostname="LAPTOP-GJM2UU0F" name="com.testng.Time_Out" tests="1" failures="0" timestamp="2022-06-05T03:36:07 IST" time="11.054" errors="0">
  <testcase name="login" time="11.054" classname="com.testng.Time_Out"/>
  <system-out/>
</testsuite> <!-- com.testng.Time_Out -->
