<?xml version="1.0" encoding="UTF-8"?>
<!-- Generated by org.testng.reporters.JUnitReportReporter -->
<testsuite skipped="0" hostname="LAPTOP-GJM2UU0F" name="com.testng.Hard_Assert_Concept" tests="1" failures="0" timestamp="2022-06-07T07:58:52 IST" time="0.008" errors="0">
  <testcase name="demo" time="0.008" classname="com.testng.Hard_Assert_Concept"/>
  <system-out/>
</testsuite> <!-- com.testng.Hard_Assert_Concept -->
