<?xml version="1.0" encoding="UTF-8"?>
<!-- Generated by org.testng.reporters.JUnitReportReporter -->
<testsuite skipped="0" hostname="LAPTOP-GJM2UU0F" name="com.testng.Data_Provider_Concept" tests="3" failures="0" timestamp="2022-06-07T07:41:03 IST" time="0.005" errors="0">
  <testcase name="Credentials" time="0.004" classname="com.testng.Data_Provider_Concept"/>
  <system-out/>
  <testcase name="Credentials" time="0.001" classname="com.testng.Data_Provider_Concept"/>
  <system-out/>
  <testcase name="Credentials" time="0.000" classname="com.testng.Data_Provider_Concept"/>
  <system-out/>
</testsuite> <!-- com.testng.Data_Provider_Concept -->
