<?xml version="1.0" encoding="UTF-8"?>
<!-- Generated by org.testng.reporters.JUnitReportReporter -->
<testsuite skipped="0" hostname="LAPTOP-GJM2UU0F" name="com.testng.Simple_annotations" tests="3" failures="0" timestamp="2022-06-04T03:12:06 IST" time="0.016" errors="0">
  <testcase name="Women" time="0.012" classname="com.testng.Simple_annotations"/>
  <system-out/>
  <testcase name="kids" time="0.003" classname="com.testng.Simple_annotations"/>
  <system-out/>
  <testcase name="men" time="0.001" classname="com.testng.Simple_annotations"/>
  <system-out/>
</testsuite> <!-- com.testng.Simple_annotations -->
