<?xml version="1.0" encoding="UTF-8"?>
<!-- Generated by org.testng.reporters.JUnitReportReporter -->
<testsuite skipped="0" hostname="LAPTOP-GJM2UU0F" name="com.testng.Dependency_Concept" tests="2" failures="0" timestamp="2022-06-04T04:27:49 IST" time="0.012" errors="0">
  <testcase name="ticket" time="0.011" classname="com.testng.Dependency_Concept"/>
  <system-out/>
  <testcase name="cinema" time="0.001" classname="com.testng.Dependency_Concept"/>
  <system-out/>
</testsuite> <!-- com.testng.Dependency_Concept -->
