<?xml version="1.0" encoding="UTF-8"?>
<!-- Generated by org.testng.reporters.JUnitReportReporter -->
<testsuite skipped="0" hostname="LAPTOP-GJM2UU0F" name="com.testng.Parallel_Concept" tests="2" failures="0" timestamp="2022-06-07T07:55:00 IST" time="0.012" errors="0">
  <testcase name="Facebook" time="0.006" classname="com.testng.Parallel_Concept"/>
  <system-out/>
  <testcase name="Whatsapp" time="0.006" classname="com.testng.Parallel_Concept"/>
  <system-out/>
</testsuite> <!-- com.testng.Parallel_Concept -->
