<?xml version="1.0" encoding="UTF-8"?>
<!-- Generated by org.testng.reporters.JUnitReportReporter -->
<testsuite skipped="0" hostname="LAPTOP-GJM2UU0F" name="com.testng.Ignore_concept" tests="1" failures="0" timestamp="2022-06-05T03:42:17 IST" time="0.022" errors="0">
  <testcase name="sandwich" time="0.022" classname="com.testng.Ignore_concept"/>
  <system-out/>
</testsuite> <!-- com.testng.Ignore_concept -->
