<?xml version="1.0" encoding="UTF-8"?>
<!-- Generated by org.testng.reporters.JUnitReportReporter -->
<testsuite skipped="0" hostname="LAPTOP-GJM2UU0F" name="com.testng.Expected_Expectations" tests="1" failures="0" timestamp="2022-06-05T03:36:48 IST" time="0.015" errors="0">
  <testcase name="demo" time="0.015" classname="com.testng.Expected_Expectations"/>
  <system-out/>
</testsuite> <!-- com.testng.Expected_Expectations -->
